<?xml version="1.0" encoding="UTF-8"?>
<!-- Generated by org.testng.reporters.JUnitXMLReporter -->
<testsuite ignored="0" hostname="explpt291" failures="0" tests="2" name="GoogleTest" time="3.268" errors="0" timestamp="2023-10-17T12:59:47 IST">
  <testcase classname="com.google.tests.GoogleSearchTest" name="@BeforeTest setup" time="3.225">
    <failure type="org.openqa.selenium.remote.http.ConnectionFailedException" message="Unable to establish websocket connection to http://localhost:46249/devtools/browser/bd945faf-5969-438f-9c10-fb67c4fd9617
Build info: version: &amp;apos;4.7.2&amp;apos;, revision: &amp;apos;4d4020c3b7&amp;apos;
System info: os.name: &amp;apos;Linux&amp;apos;, os.arch: &amp;apos;amd64&amp;apos;, os.version: &amp;apos;5.15.0-86-generic&amp;apos;, java.version: &amp;apos;11.0.20.1&amp;apos;
Driver info: driver.version: ChromeDriver">
      <![CDATA[org.openqa.selenium.remote.http.ConnectionFailedException: Unable to establish websocket connection to http://localhost:46249/devtools/browser/bd945faf-5969-438f-9c10-fb67c4fd9617
Build info: version: '4.7.2', revision: '4d4020c3b7'
System info: os.name: 'Linux', os.arch: 'amd64', os.version: '5.15.0-86-generic', java.version: '11.0.20.1'
Driver info: driver.version: ChromeDriver
at org.openqa.selenium.remote.http.netty.NettyWebSocket.<init>(NettyWebSocket.java:102)
at org.openqa.selenium.remote.http.netty.NettyWebSocket.lambda$create$3(NettyWebSocket.java:128)
at org.openqa.selenium.remote.http.netty.NettyClient.openSocket(NettyClient.java:107)
at org.openqa.selenium.devtools.Connection.<init>(Connection.java:78)
at org.openqa.selenium.chromium.ChromiumDriver.lambda$new$2(ChromiumDriver.java:116)
at java.base/java.util.Optional.map(Optional.java:265)
at org.openqa.selenium.chromium.ChromiumDriver.<init>(ChromiumDriver.java:114)
at org.openqa.selenium.chrome.ChromeDriver.<init>(ChromeDriver.java:82)
at org.openqa.selenium.chrome.ChromeDriver.<init>(ChromeDriver.java:50)
at config.DriverConfig.initializeDriver(DriverConfig.java:35)
at com.google.tests.GoogleSearchTest.setup(GoogleSearchTest.java:30)
... Removed 27 stack frames]]>
    </failure>
  </testcase> <!-- @BeforeTest setup -->
  <testcase classname="com.google.tests.GoogleSearchTest" name="@BeforeMethod launchURL" time="0.0">
    <skipped/>
  </testcase> <!-- @BeforeMethod launchURL -->
  <testcase classname="com.google.tests.GoogleSearchTest" name="@BeforeMethod launchURL" time="0.0">
    <skipped/>
  </testcase> <!-- @BeforeMethod launchURL -->
  <testcase classname="com.google.tests.GoogleSearchTest" name="@AfterTest tearDown" time="0.0">
    <skipped/>
  </testcase> <!-- @AfterTest tearDown -->
  <testcase classname="com.google.tests.GoogleSearchTest" name="validateGoogleResult" time="0.001">
    <skipped/>
  </testcase> <!-- validateGoogleResult -->
  <testcase classname="com.google.tests.GoogleSearchTest" name="validateGoogleResult" time="0.0">
    <skipped/>
  </testcase> <!-- validateGoogleResult -->
</testsuite> <!-- GoogleTest -->
